  SFML_Maze_Game.cpp
C:\НОУТ\Desktop\уля\УдГУ\ПИ - ВО\Алгоритмизация и программирование\Практика. Рефакторинг игры MazeGame с использованием графики\SFML_Maze_Game\SFML_Maze_Game\SFML_Maze_Game.cpp(166,50): warning C4244: '=': conversion from 'T' to 'T', possible loss of data
C:\НОУТ\Desktop\уля\УдГУ\ПИ - ВО\Алгоритмизация и программирование\Практика. Рефакторинг игры MazeGame с использованием графики\SFML_Maze_Game\SFML_Maze_Game\SFML_Maze_Game.cpp(166,50): warning C4244:         with
C:\НОУТ\Desktop\уля\УдГУ\ПИ - ВО\Алгоритмизация и программирование\Практика. Рефакторинг игры MazeGame с использованием графики\SFML_Maze_Game\SFML_Maze_Game\SFML_Maze_Game.cpp(166,50): warning C4244:         [
C:\НОУТ\Desktop\уля\УдГУ\ПИ - ВО\Алгоритмизация и программирование\Практика. Рефакторинг игры MazeGame с использованием графики\SFML_Maze_Game\SFML_Maze_Game\SFML_Maze_Game.cpp(166,50): warning C4244:             T=unsigned int
C:\НОУТ\Desktop\уля\УдГУ\ПИ - ВО\Алгоритмизация и программирование\Практика. Рефакторинг игры MazeGame с использованием графики\SFML_Maze_Game\SFML_Maze_Game\SFML_Maze_Game.cpp(166,50): warning C4244:         ]
C:\НОУТ\Desktop\уля\УдГУ\ПИ - ВО\Алгоритмизация и программирование\Практика. Рефакторинг игры MazeGame с использованием графики\SFML_Maze_Game\SFML_Maze_Game\SFML_Maze_Game.cpp(166,50): warning C4244:         and
C:\НОУТ\Desktop\уля\УдГУ\ПИ - ВО\Алгоритмизация и программирование\Практика. Рефакторинг игры MazeGame с использованием графики\SFML_Maze_Game\SFML_Maze_Game\SFML_Maze_Game.cpp(166,50): warning C4244:         [
C:\НОУТ\Desktop\уля\УдГУ\ПИ - ВО\Алгоритмизация и программирование\Практика. Рефакторинг игры MazeGame с использованием графики\SFML_Maze_Game\SFML_Maze_Game\SFML_Maze_Game.cpp(166,50): warning C4244:             T=float
C:\НОУТ\Desktop\уля\УдГУ\ПИ - ВО\Алгоритмизация и программирование\Практика. Рефакторинг игры MazeGame с использованием графики\SFML_Maze_Game\SFML_Maze_Game\SFML_Maze_Game.cpp(166,50): warning C4244:         ]
C:\НОУТ\Desktop\уля\УдГУ\ПИ - ВО\Алгоритмизация и программирование\Практика. Рефакторинг игры MazeGame с использованием графики\SFML_Maze_Game\SFML_Maze_Game\SFML_Maze_Game.cpp(167,50): warning C4244: '=': conversion from 'T' to 'T', possible loss of data
C:\НОУТ\Desktop\уля\УдГУ\ПИ - ВО\Алгоритмизация и программирование\Практика. Рефакторинг игры MazeGame с использованием графики\SFML_Maze_Game\SFML_Maze_Game\SFML_Maze_Game.cpp(167,50): warning C4244:         with
C:\НОУТ\Desktop\уля\УдГУ\ПИ - ВО\Алгоритмизация и программирование\Практика. Рефакторинг игры MazeGame с использованием графики\SFML_Maze_Game\SFML_Maze_Game\SFML_Maze_Game.cpp(167,50): warning C4244:         [
C:\НОУТ\Desktop\уля\УдГУ\ПИ - ВО\Алгоритмизация и программирование\Практика. Рефакторинг игры MazeGame с использованием графики\SFML_Maze_Game\SFML_Maze_Game\SFML_Maze_Game.cpp(167,50): warning C4244:             T=unsigned int
C:\НОУТ\Desktop\уля\УдГУ\ПИ - ВО\Алгоритмизация и программирование\Практика. Рефакторинг игры MazeGame с использованием графики\SFML_Maze_Game\SFML_Maze_Game\SFML_Maze_Game.cpp(167,50): warning C4244:         ]
C:\НОУТ\Desktop\уля\УдГУ\ПИ - ВО\Алгоритмизация и программирование\Практика. Рефакторинг игры MazeGame с использованием графики\SFML_Maze_Game\SFML_Maze_Game\SFML_Maze_Game.cpp(167,50): warning C4244:         and
C:\НОУТ\Desktop\уля\УдГУ\ПИ - ВО\Алгоритмизация и программирование\Практика. Рефакторинг игры MazeGame с использованием графики\SFML_Maze_Game\SFML_Maze_Game\SFML_Maze_Game.cpp(167,50): warning C4244:         [
C:\НОУТ\Desktop\уля\УдГУ\ПИ - ВО\Алгоритмизация и программирование\Практика. Рефакторинг игры MazeGame с использованием графики\SFML_Maze_Game\SFML_Maze_Game\SFML_Maze_Game.cpp(167,50): warning C4244:             T=float
C:\НОУТ\Desktop\уля\УдГУ\ПИ - ВО\Алгоритмизация и программирование\Практика. Рефакторинг игры MazeGame с использованием графики\SFML_Maze_Game\SFML_Maze_Game\SFML_Maze_Game.cpp(167,50): warning C4244:         ]
C:\НОУТ\Desktop\уля\УдГУ\ПИ - ВО\Алгоритмизация и программирование\Практика. Рефакторинг игры MazeGame с использованием графики\SFML_Maze_Game\SFML_Maze_Game\SFML_Maze_Game.cpp(181,65): warning C4244: 'argument': conversion from 'T' to 'T', possible loss of data
C:\НОУТ\Desktop\уля\УдГУ\ПИ - ВО\Алгоритмизация и программирование\Практика. Рефакторинг игры MazeGame с использованием графики\SFML_Maze_Game\SFML_Maze_Game\SFML_Maze_Game.cpp(181,65): warning C4244:         with
C:\НОУТ\Desktop\уля\УдГУ\ПИ - ВО\Алгоритмизация и программирование\Практика. Рефакторинг игры MazeGame с использованием графики\SFML_Maze_Game\SFML_Maze_Game\SFML_Maze_Game.cpp(181,65): warning C4244:         [
C:\НОУТ\Desktop\уля\УдГУ\ПИ - ВО\Алгоритмизация и программирование\Практика. Рефакторинг игры MazeGame с использованием графики\SFML_Maze_Game\SFML_Maze_Game\SFML_Maze_Game.cpp(181,65): warning C4244:             T=unsigned int
C:\НОУТ\Desktop\уля\УдГУ\ПИ - ВО\Алгоритмизация и программирование\Практика. Рефакторинг игры MazeGame с использованием графики\SFML_Maze_Game\SFML_Maze_Game\SFML_Maze_Game.cpp(181,65): warning C4244:         ]
C:\НОУТ\Desktop\уля\УдГУ\ПИ - ВО\Алгоритмизация и программирование\Практика. Рефакторинг игры MazeGame с использованием графики\SFML_Maze_Game\SFML_Maze_Game\SFML_Maze_Game.cpp(181,65): warning C4244:         and
C:\НОУТ\Desktop\уля\УдГУ\ПИ - ВО\Алгоритмизация и программирование\Практика. Рефакторинг игры MazeGame с использованием графики\SFML_Maze_Game\SFML_Maze_Game\SFML_Maze_Game.cpp(181,65): warning C4244:         [
C:\НОУТ\Desktop\уля\УдГУ\ПИ - ВО\Алгоритмизация и программирование\Практика. Рефакторинг игры MazeGame с использованием графики\SFML_Maze_Game\SFML_Maze_Game\SFML_Maze_Game.cpp(181,65): warning C4244:             T=float
C:\НОУТ\Desktop\уля\УдГУ\ПИ - ВО\Алгоритмизация и программирование\Практика. Рефакторинг игры MazeGame с использованием графики\SFML_Maze_Game\SFML_Maze_Game\SFML_Maze_Game.cpp(181,65): warning C4244:         ]
C:\НОУТ\Desktop\уля\УдГУ\ПИ - ВО\Алгоритмизация и программирование\Практика. Рефакторинг игры MazeGame с использованием графики\SFML_Maze_Game\SFML_Maze_Game\SFML_Maze_Game.cpp(181,52): warning C4244: 'argument': conversion from 'T' to 'T', possible loss of data
C:\НОУТ\Desktop\уля\УдГУ\ПИ - ВО\Алгоритмизация и программирование\Практика. Рефакторинг игры MazeGame с использованием графики\SFML_Maze_Game\SFML_Maze_Game\SFML_Maze_Game.cpp(181,52): warning C4244:         with
C:\НОУТ\Desktop\уля\УдГУ\ПИ - ВО\Алгоритмизация и программирование\Практика. Рефакторинг игры MazeGame с использованием графики\SFML_Maze_Game\SFML_Maze_Game\SFML_Maze_Game.cpp(181,52): warning C4244:         [
C:\НОУТ\Desktop\уля\УдГУ\ПИ - ВО\Алгоритмизация и программирование\Практика. Рефакторинг игры MazeGame с использованием графики\SFML_Maze_Game\SFML_Maze_Game\SFML_Maze_Game.cpp(181,52): warning C4244:             T=unsigned int
C:\НОУТ\Desktop\уля\УдГУ\ПИ - ВО\Алгоритмизация и программирование\Практика. Рефакторинг игры MazeGame с использованием графики\SFML_Maze_Game\SFML_Maze_Game\SFML_Maze_Game.cpp(181,52): warning C4244:         ]
C:\НОУТ\Desktop\уля\УдГУ\ПИ - ВО\Алгоритмизация и программирование\Практика. Рефакторинг игры MazeGame с использованием графики\SFML_Maze_Game\SFML_Maze_Game\SFML_Maze_Game.cpp(181,52): warning C4244:         and
C:\НОУТ\Desktop\уля\УдГУ\ПИ - ВО\Алгоритмизация и программирование\Практика. Рефакторинг игры MazeGame с использованием графики\SFML_Maze_Game\SFML_Maze_Game\SFML_Maze_Game.cpp(181,52): warning C4244:         [
C:\НОУТ\Desktop\уля\УдГУ\ПИ - ВО\Алгоритмизация и программирование\Практика. Рефакторинг игры MazeGame с использованием графики\SFML_Maze_Game\SFML_Maze_Game\SFML_Maze_Game.cpp(181,52): warning C4244:             T=float
C:\НОУТ\Desktop\уля\УдГУ\ПИ - ВО\Алгоритмизация и программирование\Практика. Рефакторинг игры MazeGame с использованием графики\SFML_Maze_Game\SFML_Maze_Game\SFML_Maze_Game.cpp(181,52): warning C4244:         ]
C:\НОУТ\Desktop\уля\УдГУ\ПИ - ВО\Алгоритмизация и программирование\Практика. Рефакторинг игры MazeGame с использованием графики\SFML_Maze_Game\SFML_Maze_Game\SFML_Maze_Game.cpp(211,53): warning C4244: 'argument': conversion from 'unsigned int' to 'T', possible loss of data
C:\НОУТ\Desktop\уля\УдГУ\ПИ - ВО\Алгоритмизация и программирование\Практика. Рефакторинг игры MazeGame с использованием графики\SFML_Maze_Game\SFML_Maze_Game\SFML_Maze_Game.cpp(211,53): warning C4244:         with
C:\НОУТ\Desktop\уля\УдГУ\ПИ - ВО\Алгоритмизация и программирование\Практика. Рефакторинг игры MazeGame с использованием графики\SFML_Maze_Game\SFML_Maze_Game\SFML_Maze_Game.cpp(211,53): warning C4244:         [
C:\НОУТ\Desktop\уля\УдГУ\ПИ - ВО\Алгоритмизация и программирование\Практика. Рефакторинг игры MazeGame с использованием графики\SFML_Maze_Game\SFML_Maze_Game\SFML_Maze_Game.cpp(211,53): warning C4244:             T=float
C:\НОУТ\Desktop\уля\УдГУ\ПИ - ВО\Алгоритмизация и программирование\Практика. Рефакторинг игры MazeGame с использованием графики\SFML_Maze_Game\SFML_Maze_Game\SFML_Maze_Game.cpp(211,53): warning C4244:         ]
C:\НОУТ\Desktop\уля\УдГУ\ПИ - ВО\Алгоритмизация и программирование\Практика. Рефакторинг игры MazeGame с использованием графики\SFML_Maze_Game\SFML_Maze_Game\SFML_Maze_Game.cpp(211,42): warning C4244: 'argument': conversion from 'unsigned int' to 'T', possible loss of data
C:\НОУТ\Desktop\уля\УдГУ\ПИ - ВО\Алгоритмизация и программирование\Практика. Рефакторинг игры MazeGame с использованием графики\SFML_Maze_Game\SFML_Maze_Game\SFML_Maze_Game.cpp(211,42): warning C4244:         with
C:\НОУТ\Desktop\уля\УдГУ\ПИ - ВО\Алгоритмизация и программирование\Практика. Рефакторинг игры MazeGame с использованием графики\SFML_Maze_Game\SFML_Maze_Game\SFML_Maze_Game.cpp(211,42): warning C4244:         [
C:\НОУТ\Desktop\уля\УдГУ\ПИ - ВО\Алгоритмизация и программирование\Практика. Рефакторинг игры MazeGame с использованием графики\SFML_Maze_Game\SFML_Maze_Game\SFML_Maze_Game.cpp(211,42): warning C4244:             T=float
C:\НОУТ\Desktop\уля\УдГУ\ПИ - ВО\Алгоритмизация и программирование\Практика. Рефакторинг игры MazeGame с использованием графики\SFML_Maze_Game\SFML_Maze_Game\SFML_Maze_Game.cpp(211,42): warning C4244:         ]
C:\НОУТ\Desktop\уля\УдГУ\ПИ - ВО\Алгоритмизация и программирование\Практика. Рефакторинг игры MazeGame с использованием графики\SFML_Maze_Game\SFML_Maze_Game\SFML_Maze_Game.cpp(212,53): warning C4244: 'argument': conversion from 'unsigned int' to 'T', possible loss of data
C:\НОУТ\Desktop\уля\УдГУ\ПИ - ВО\Алгоритмизация и программирование\Практика. Рефакторинг игры MazeGame с использованием графики\SFML_Maze_Game\SFML_Maze_Game\SFML_Maze_Game.cpp(212,53): warning C4244:         with
C:\НОУТ\Desktop\уля\УдГУ\ПИ - ВО\Алгоритмизация и программирование\Практика. Рефакторинг игры MazeGame с использованием графики\SFML_Maze_Game\SFML_Maze_Game\SFML_Maze_Game.cpp(212,53): warning C4244:         [
C:\НОУТ\Desktop\уля\УдГУ\ПИ - ВО\Алгоритмизация и программирование\Практика. Рефакторинг игры MazeGame с использованием графики\SFML_Maze_Game\SFML_Maze_Game\SFML_Maze_Game.cpp(212,53): warning C4244:             T=float
C:\НОУТ\Desktop\уля\УдГУ\ПИ - ВО\Алгоритмизация и программирование\Практика. Рефакторинг игры MazeGame с использованием графики\SFML_Maze_Game\SFML_Maze_Game\SFML_Maze_Game.cpp(212,53): warning C4244:         ]
C:\НОУТ\Desktop\уля\УдГУ\ПИ - ВО\Алгоритмизация и программирование\Практика. Рефакторинг игры MazeGame с использованием графики\SFML_Maze_Game\SFML_Maze_Game\SFML_Maze_Game.cpp(212,42): warning C4244: 'argument': conversion from 'unsigned int' to 'T', possible loss of data
C:\НОУТ\Desktop\уля\УдГУ\ПИ - ВО\Алгоритмизация и программирование\Практика. Рефакторинг игры MazeGame с использованием графики\SFML_Maze_Game\SFML_Maze_Game\SFML_Maze_Game.cpp(212,42): warning C4244:         with
C:\НОУТ\Desktop\уля\УдГУ\ПИ - ВО\Алгоритмизация и программирование\Практика. Рефакторинг игры MazeGame с использованием графики\SFML_Maze_Game\SFML_Maze_Game\SFML_Maze_Game.cpp(212,42): warning C4244:         [
C:\НОУТ\Desktop\уля\УдГУ\ПИ - ВО\Алгоритмизация и программирование\Практика. Рефакторинг игры MazeGame с использованием графики\SFML_Maze_Game\SFML_Maze_Game\SFML_Maze_Game.cpp(212,42): warning C4244:             T=float
C:\НОУТ\Desktop\уля\УдГУ\ПИ - ВО\Алгоритмизация и программирование\Практика. Рефакторинг игры MazeGame с использованием графики\SFML_Maze_Game\SFML_Maze_Game\SFML_Maze_Game.cpp(212,42): warning C4244:         ]
C:\НОУТ\Desktop\уля\УдГУ\ПИ - ВО\Алгоритмизация и программирование\Практика. Рефакторинг игры MazeGame с использованием графики\SFML_Maze_Game\SFML_Maze_Game\SFML_Maze_Game.cpp(214,56): warning C4244: '=': conversion from 'unsigned int' to 'T', possible loss of data
C:\НОУТ\Desktop\уля\УдГУ\ПИ - ВО\Алгоритмизация и программирование\Практика. Рефакторинг игры MazeGame с использованием графики\SFML_Maze_Game\SFML_Maze_Game\SFML_Maze_Game.cpp(214,56): warning C4244:         with
C:\НОУТ\Desktop\уля\УдГУ\ПИ - ВО\Алгоритмизация и программирование\Практика. Рефакторинг игры MazeGame с использованием графики\SFML_Maze_Game\SFML_Maze_Game\SFML_Maze_Game.cpp(214,56): warning C4244:         [
C:\НОУТ\Desktop\уля\УдГУ\ПИ - ВО\Алгоритмизация и программирование\Практика. Рефакторинг игры MazeGame с использованием графики\SFML_Maze_Game\SFML_Maze_Game\SFML_Maze_Game.cpp(214,56): warning C4244:             T=float
C:\НОУТ\Desktop\уля\УдГУ\ПИ - ВО\Алгоритмизация и программирование\Практика. Рефакторинг игры MazeGame с использованием графики\SFML_Maze_Game\SFML_Maze_Game\SFML_Maze_Game.cpp(214,56): warning C4244:         ]
C:\НОУТ\Desktop\уля\УдГУ\ПИ - ВО\Алгоритмизация и программирование\Практика. Рефакторинг игры MazeGame с использованием графики\SFML_Maze_Game\SFML_Maze_Game\SFML_Maze_Game.cpp(215,37): warning C4244: '=': conversion from 'unsigned int' to 'T', possible loss of data
C:\НОУТ\Desktop\уля\УдГУ\ПИ - ВО\Алгоритмизация и программирование\Практика. Рефакторинг игры MazeGame с использованием графики\SFML_Maze_Game\SFML_Maze_Game\SFML_Maze_Game.cpp(215,37): warning C4244:         with
C:\НОУТ\Desktop\уля\УдГУ\ПИ - ВО\Алгоритмизация и программирование\Практика. Рефакторинг игры MazeGame с использованием графики\SFML_Maze_Game\SFML_Maze_Game\SFML_Maze_Game.cpp(215,37): warning C4244:         [
C:\НОУТ\Desktop\уля\УдГУ\ПИ - ВО\Алгоритмизация и программирование\Практика. Рефакторинг игры MazeGame с использованием графики\SFML_Maze_Game\SFML_Maze_Game\SFML_Maze_Game.cpp(215,37): warning C4244:             T=float
C:\НОУТ\Desktop\уля\УдГУ\ПИ - ВО\Алгоритмизация и программирование\Практика. Рефакторинг игры MazeGame с использованием графики\SFML_Maze_Game\SFML_Maze_Game\SFML_Maze_Game.cpp(215,37): warning C4244:         ]
C:\НОУТ\Desktop\уля\УдГУ\ПИ - ВО\Алгоритмизация и программирование\Практика. Рефакторинг игры MazeGame с использованием графики\SFML_Maze_Game\SFML_Maze_Game\SFML_Maze_Game.cpp(217,55): warning C4244: '=': conversion from 'unsigned int' to 'T', possible loss of data
C:\НОУТ\Desktop\уля\УдГУ\ПИ - ВО\Алгоритмизация и программирование\Практика. Рефакторинг игры MazeGame с использованием графики\SFML_Maze_Game\SFML_Maze_Game\SFML_Maze_Game.cpp(217,55): warning C4244:         with
C:\НОУТ\Desktop\уля\УдГУ\ПИ - ВО\Алгоритмизация и программирование\Практика. Рефакторинг игры MazeGame с использованием графики\SFML_Maze_Game\SFML_Maze_Game\SFML_Maze_Game.cpp(217,55): warning C4244:         [
C:\НОУТ\Desktop\уля\УдГУ\ПИ - ВО\Алгоритмизация и программирование\Практика. Рефакторинг игры MazeGame с использованием графики\SFML_Maze_Game\SFML_Maze_Game\SFML_Maze_Game.cpp(217,55): warning C4244:             T=float
C:\НОУТ\Desktop\уля\УдГУ\ПИ - ВО\Алгоритмизация и программирование\Практика. Рефакторинг игры MazeGame с использованием графики\SFML_Maze_Game\SFML_Maze_Game\SFML_Maze_Game.cpp(217,55): warning C4244:         ]
C:\НОУТ\Desktop\уля\УдГУ\ПИ - ВО\Алгоритмизация и программирование\Практика. Рефакторинг игры MazeGame с использованием графики\SFML_Maze_Game\SFML_Maze_Game\SFML_Maze_Game.cpp(218,36): warning C4244: '=': conversion from 'unsigned int' to 'T', possible loss of data
C:\НОУТ\Desktop\уля\УдГУ\ПИ - ВО\Алгоритмизация и программирование\Практика. Рефакторинг игры MazeGame с использованием графики\SFML_Maze_Game\SFML_Maze_Game\SFML_Maze_Game.cpp(218,36): warning C4244:         with
C:\НОУТ\Desktop\уля\УдГУ\ПИ - ВО\Алгоритмизация и программирование\Практика. Рефакторинг игры MazeGame с использованием графики\SFML_Maze_Game\SFML_Maze_Game\SFML_Maze_Game.cpp(218,36): warning C4244:         [
C:\НОУТ\Desktop\уля\УдГУ\ПИ - ВО\Алгоритмизация и программирование\Практика. Рефакторинг игры MazeGame с использованием графики\SFML_Maze_Game\SFML_Maze_Game\SFML_Maze_Game.cpp(218,36): warning C4244:             T=float
C:\НОУТ\Desktop\уля\УдГУ\ПИ - ВО\Алгоритмизация и программирование\Практика. Рефакторинг игры MazeGame с использованием графики\SFML_Maze_Game\SFML_Maze_Game\SFML_Maze_Game.cpp(218,36): warning C4244:         ]
C:\НОУТ\Desktop\уля\УдГУ\ПИ - ВО\Алгоритмизация и программирование\Практика. Рефакторинг игры MazeGame с использованием графики\SFML_Maze_Game\SFML_Maze_Game\SFML_Maze_Game.cpp(268,80): warning C4244: 'argument': conversion from 'unsigned int' to 'T', possible loss of data
C:\НОУТ\Desktop\уля\УдГУ\ПИ - ВО\Алгоритмизация и программирование\Практика. Рефакторинг игры MazeGame с использованием графики\SFML_Maze_Game\SFML_Maze_Game\SFML_Maze_Game.cpp(268,80): warning C4244:         with
C:\НОУТ\Desktop\уля\УдГУ\ПИ - ВО\Алгоритмизация и программирование\Практика. Рефакторинг игры MazeGame с использованием графики\SFML_Maze_Game\SFML_Maze_Game\SFML_Maze_Game.cpp(268,80): warning C4244:         [
C:\НОУТ\Desktop\уля\УдГУ\ПИ - ВО\Алгоритмизация и программирование\Практика. Рефакторинг игры MazeGame с использованием графики\SFML_Maze_Game\SFML_Maze_Game\SFML_Maze_Game.cpp(268,80): warning C4244:             T=float
C:\НОУТ\Desktop\уля\УдГУ\ПИ - ВО\Алгоритмизация и программирование\Практика. Рефакторинг игры MazeGame с использованием графики\SFML_Maze_Game\SFML_Maze_Game\SFML_Maze_Game.cpp(268,80): warning C4244:         ]
C:\НОУТ\Desktop\уля\УдГУ\ПИ - ВО\Алгоритмизация и программирование\Практика. Рефакторинг игры MazeGame с использованием графики\SFML_Maze_Game\SFML_Maze_Game\SFML_Maze_Game.cpp(268,59): warning C4244: 'argument': conversion from 'unsigned int' to 'T', possible loss of data
C:\НОУТ\Desktop\уля\УдГУ\ПИ - ВО\Алгоритмизация и программирование\Практика. Рефакторинг игры MazeGame с использованием графики\SFML_Maze_Game\SFML_Maze_Game\SFML_Maze_Game.cpp(268,59): warning C4244:         with
C:\НОУТ\Desktop\уля\УдГУ\ПИ - ВО\Алгоритмизация и программирование\Практика. Рефакторинг игры MazeGame с использованием графики\SFML_Maze_Game\SFML_Maze_Game\SFML_Maze_Game.cpp(268,59): warning C4244:         [
C:\НОУТ\Desktop\уля\УдГУ\ПИ - ВО\Алгоритмизация и программирование\Практика. Рефакторинг игры MazeGame с использованием графики\SFML_Maze_Game\SFML_Maze_Game\SFML_Maze_Game.cpp(268,59): warning C4244:             T=float
C:\НОУТ\Desktop\уля\УдГУ\ПИ - ВО\Алгоритмизация и программирование\Практика. Рефакторинг игры MazeGame с использованием графики\SFML_Maze_Game\SFML_Maze_Game\SFML_Maze_Game.cpp(268,59): warning C4244:         ]
  SFML_Maze_Game.vcxproj -> C:\НОУТ\Desktop\уля\УдГУ\ПИ - ВО\Алгоритмизация и программирование\Практика. Рефакторинг игры MazeGame с использованием графики\SFML_Maze_Game\x64\Debug\SFML_Maze_Game.exe
